{"contracts/interfaces/INFTSwapFactory.sol":{"l":{},"path":"/Users/valentineorga/Desktop/Projects/Web3/Playground/Contracts/nftswap/contracts/interfaces/INFTSwapFactory.sol","s":{},"b":{},"f":{},"fnMap":{},"statementMap":{},"branchMap":{}},"contracts/interfaces/INFTSwapPool.sol":{"l":{},"path":"/Users/valentineorga/Desktop/Projects/Web3/Playground/Contracts/nftswap/contracts/interfaces/INFTSwapPool.sol","s":{},"b":{},"f":{},"fnMap":{},"statementMap":{},"branchMap":{}},"contracts/libraries/PriceConverter.sol":{"l":{"12":0,"14":0,"25":0,"26":0,"28":0},"path":"/Users/valentineorga/Desktop/Projects/Web3/Playground/Contracts/nftswap/contracts/libraries/PriceConverter.sol","s":{"1":0,"2":0,"3":0,"4":0,"5":0},"b":{},"f":{"1":0,"2":0},"fnMap":{"1":{"name":"getPrice","line":7,"loc":{"start":{"line":7,"column":4},"end":{"line":15,"column":4}}},"2":{"name":"toUSD","line":20,"loc":{"start":{"line":20,"column":4},"end":{"line":29,"column":4}}}},"statementMap":{"1":{"start":{"line":12,"column":8},"end":{"line":12,"column":61}},"2":{"start":{"line":14,"column":8},"end":{"line":14,"column":38}},"3":{"start":{"line":25,"column":8},"end":{"line":25,"column":46}},"4":{"start":{"line":26,"column":8},"end":{"line":26,"column":64}},"5":{"start":{"line":28,"column":8},"end":{"line":28,"column":29}}},"branchMap":{}},"contracts/mocks/NFTMock.sol":{"l":{"8":0,"9":0,"12":0},"path":"/Users/valentineorga/Desktop/Projects/Web3/Playground/Contracts/nftswap/contracts/mocks/NFTMock.sol","s":{"1":0,"2":0,"3":0},"b":{},"f":{"1":0},"fnMap":{"1":{"name":"constructor","line":7,"loc":{"start":{"line":7,"column":4},"end":{"line":13,"column":4}}}},"statementMap":{"1":{"start":{"line":8,"column":8},"end":{"line":8,"column":231}},"2":{"start":{"line":9,"column":12},"end":{"line":9,"column":42}},"3":{"start":{"line":12,"column":8},"end":{"line":12,"column":30}}},"branchMap":{}},"contracts/NFTSwapFactory.sol":{"l":{"26":0,"27":0,"31":0,"32":0,"33":0,"37":0,"41":0,"45":0,"54":0,"62":0,"71":0,"73":0,"75":0,"76":0,"79":0,"85":0,"86":0,"88":0,"89":0,"92":0,"94":0,"102":0,"110":0},"path":"/Users/valentineorga/Desktop/Projects/Web3/Playground/Contracts/nftswap/contracts/NFTSwapFactory.sol","s":{"1":0,"2":0,"3":0,"4":0,"5":0,"6":0,"7":0,"8":0,"9":0,"10":0,"11":0,"12":0,"13":0,"14":0,"15":0,"16":0,"17":0,"18":0,"19":0,"20":0},"b":{"1":[0,0],"2":[0,0],"3":[0,0],"4":[0,0]},"f":{"1":0,"2":0,"3":0,"4":0,"5":0,"6":0,"7":0,"8":0,"9":0,"10":0},"fnMap":{"1":{"name":"constructor","line":25,"loc":{"start":{"line":25,"column":4},"end":{"line":28,"column":4}}},"2":{"name":"onlyFeeReceiverSetter","line":30,"loc":{"start":{"line":30,"column":4},"end":{"line":34,"column":4}}},"3":{"name":"getFeeReceiver","line":36,"loc":{"start":{"line":36,"column":4},"end":{"line":38,"column":4}}},"4":{"name":"getFeeReceiverSetter","line":40,"loc":{"start":{"line":40,"column":4},"end":{"line":42,"column":4}}},"5":{"name":"getAllPools","line":44,"loc":{"start":{"line":44,"column":4},"end":{"line":46,"column":4}}},"6":{"name":"getPool","line":48,"loc":{"start":{"line":48,"column":4},"end":{"line":55,"column":4}}},"7":{"name":"_sortNFTs","line":57,"loc":{"start":{"line":57,"column":4},"end":{"line":63,"column":4}}},"8":{"name":"createPool","line":68,"loc":{"start":{"line":65,"column":4},"end":{"line":95,"column":4}}},"9":{"name":"setFeeReceiver","line":100,"loc":{"start":{"line":97,"column":4},"end":{"line":103,"column":4}}},"10":{"name":"setFeeReceiverSetter","line":108,"loc":{"start":{"line":105,"column":4},"end":{"line":111,"column":4}}}},"statementMap":{"1":{"start":{"line":26,"column":8},"end":{"line":26,"column":33}},"2":{"start":{"line":27,"column":8},"end":{"line":27,"column":39}},"3":{"start":{"line":31,"column":8},"end":{"line":31,"column":767}},"4":{"start":{"line":37,"column":8},"end":{"line":37,"column":28}},"5":{"start":{"line":41,"column":8},"end":{"line":41,"column":34}},"6":{"start":{"line":45,"column":8},"end":{"line":45,"column":25}},"7":{"start":{"line":54,"column":8},"end":{"line":54,"column":33}},"8":{"start":{"line":62,"column":8},"end":{"line":62,"column":63}},"9":{"start":{"line":71,"column":8},"end":{"line":71,"column":60}},"10":{"start":{"line":73,"column":8},"end":{"line":73,"column":68}},"11":{"start":{"line":75,"column":8},"end":{"line":75,"column":1888}},"12":{"start":{"line":79,"column":8},"end":{"line":79,"column":1977}},"13":{"start":{"line":85,"column":8},"end":{"line":85,"column":28}},"14":{"start":{"line":86,"column":8},"end":{"line":86,"column":32}},"15":{"start":{"line":88,"column":8},"end":{"line":88,"column":2221}},"16":{"start":{"line":89,"column":12},"end":{"line":89,"column":36}},"17":{"start":{"line":92,"column":8},"end":{"line":92,"column":42}},"18":{"start":{"line":94,"column":8},"end":{"line":94,"column":19}},"19":{"start":{"line":102,"column":8},"end":{"line":102,"column":34}},"20":{"start":{"line":110,"column":8},"end":{"line":110,"column":46}}},"branchMap":{"1":{"line":31,"type":"if","locations":[{"start":{"line":31,"column":8},"end":{"line":31,"column":8}},{"start":{"line":31,"column":8},"end":{"line":31,"column":8}}]},"2":{"line":73,"type":"if","locations":[{"start":{"line":73,"column":8},"end":{"line":73,"column":8}},{"start":{"line":73,"column":8},"end":{"line":73,"column":8}}]},"3":{"line":75,"type":"if","locations":[{"start":{"line":75,"column":8},"end":{"line":75,"column":8}},{"start":{"line":75,"column":8},"end":{"line":75,"column":8}}]},"4":{"line":88,"type":"if","locations":[{"start":{"line":88,"column":8},"end":{"line":88,"column":8}},{"start":{"line":88,"column":8},"end":{"line":88,"column":8}}]}}},"contracts/NFTSwapPool.sol":{"l":{"59":0,"60":0,"61":0,"66":0,"75":0,"84":0,"92":0,"100":0,"101":0,"103":0,"104":0,"105":0,"107":0,"108":0,"110":0,"112":0,"113":0,"126":0,"144":0,"152":0,"157":0,"161":0,"162":0,"167":0,"168":0,"170":0,"172":0,"173":0,"175":0,"176":0,"183":0,"194":0,"196":0,"204":0,"206":0,"208":0,"210":0,"217":0,"232":0,"234":0,"235":0,"237":0,"244":0,"259":0,"260":0,"262":0,"263":0,"264":0,"266":0,"268":0,"270":0,"287":0},"path":"/Users/valentineorga/Desktop/Projects/Web3/Playground/Contracts/nftswap/contracts/NFTSwapPool.sol","s":{"1":0,"2":0,"3":0,"4":0,"5":0,"6":0,"7":0,"8":0,"9":0,"10":0,"11":0,"12":0,"13":0,"14":0,"15":0,"16":0,"17":0,"18":0,"19":0,"20":0,"21":0,"22":0,"23":0,"24":0,"25":0,"26":0,"27":0,"28":0,"29":0,"30":0,"31":0,"32":0,"33":0,"34":0,"35":0,"36":0,"37":0,"38":0,"39":0,"40":0,"41":0,"42":0,"43":0,"44":0,"45":0},"b":{"1":[0,0],"2":[0,0],"3":[0,0],"4":[0,0],"5":[0,0],"6":[0,0],"7":[0,0],"8":[0,0],"9":[0,0],"10":[0,0],"11":[0,0],"12":[0,0],"13":[0,0],"14":[0,0]},"f":{"1":0,"2":0,"3":0,"4":0,"5":0,"6":0,"7":0,"8":0,"9":0,"10":0,"11":0,"12":0,"13":0},"fnMap":{"1":{"name":"constructor","line":54,"loc":{"start":{"line":54,"column":4},"end":{"line":63,"column":4}}},"2":{"name":"getNFTPair","line":65,"loc":{"start":{"line":65,"column":4},"end":{"line":67,"column":4}}},"3":{"name":"getAllPairs","line":69,"loc":{"start":{"line":69,"column":4},"end":{"line":76,"column":4}}},"4":{"name":"getExchange","line":78,"loc":{"start":{"line":78,"column":4},"end":{"line":85,"column":4}}},"5":{"name":"_getOwnerOf","line":87,"loc":{"start":{"line":87,"column":4},"end":{"line":93,"column":4}}},"6":{"name":"_createExchange","line":95,"loc":{"start":{"line":95,"column":4},"end":{"line":134,"column":4}}},"7":{"name":"createExchange","line":137,"loc":{"start":{"line":137,"column":4},"end":{"line":145,"column":4}}},"8":{"name":"createExchangeFor","line":147,"loc":{"start":{"line":147,"column":4},"end":{"line":158,"column":4}}},"9":{"name":"trade","line":160,"loc":{"start":{"line":160,"column":4},"end":{"line":197,"column":4}}},"10":{"name":"updateExchangeOwner","line":199,"loc":{"start":{"line":199,"column":4},"end":{"line":225,"column":4}}},"11":{"name":"updateExchangeTrader","line":227,"loc":{"start":{"line":227,"column":4},"end":{"line":252,"column":4}}},"12":{"name":"cancelExchange","line":254,"loc":{"start":{"line":254,"column":4},"end":{"line":279,"column":4}}},"13":{"name":"onERC721Received","line":281,"loc":{"start":{"line":281,"column":4},"end":{"line":288,"column":4}}}},"statementMap":{"1":{"start":{"line":59,"column":8},"end":{"line":59,"column":43}},"2":{"start":{"line":60,"column":8},"end":{"line":60,"column":20}},"3":{"start":{"line":61,"column":8},"end":{"line":61,"column":20}},"4":{"start":{"line":66,"column":8},"end":{"line":66,"column":31}},"5":{"start":{"line":75,"column":8},"end":{"line":75,"column":25}},"6":{"start":{"line":84,"column":8},"end":{"line":84,"column":45}},"7":{"start":{"line":92,"column":8},"end":{"line":92,"column":44}},"8":{"start":{"line":100,"column":8},"end":{"line":100,"column":65}},"9":{"start":{"line":101,"column":8},"end":{"line":101,"column":55}},"10":{"start":{"line":103,"column":8},"end":{"line":103,"column":78}},"11":{"start":{"line":104,"column":8},"end":{"line":104,"column":2555}},"12":{"start":{"line":107,"column":8},"end":{"line":107,"column":2679}},"13":{"start":{"line":110,"column":8},"end":{"line":110,"column":78}},"14":{"start":{"line":112,"column":8},"end":{"line":112,"column":55}},"15":{"start":{"line":113,"column":8},"end":{"line":113,"column":2885}},"16":{"start":{"line":126,"column":8},"end":{"line":126,"column":3229}},"17":{"start":{"line":144,"column":8},"end":{"line":144,"column":54}},"18":{"start":{"line":152,"column":8},"end":{"line":152,"column":67}},"19":{"start":{"line":157,"column":8},"end":{"line":157,"column":50}},"20":{"start":{"line":161,"column":8},"end":{"line":161,"column":65}},"21":{"start":{"line":162,"column":8},"end":{"line":162,"column":55}},"22":{"start":{"line":167,"column":8},"end":{"line":167,"column":4420}},"23":{"start":{"line":170,"column":8},"end":{"line":170,"column":77}},"24":{"start":{"line":172,"column":8},"end":{"line":172,"column":4599}},"25":{"start":{"line":175,"column":8},"end":{"line":175,"column":78}},"26":{"start":{"line":176,"column":8},"end":{"line":176,"column":4767}},"27":{"start":{"line":183,"column":8},"end":{"line":183,"column":4950}},"28":{"start":{"line":196,"column":8},"end":{"line":196,"column":78}},"29":{"start":{"line":204,"column":8},"end":{"line":204,"column":69}},"30":{"start":{"line":206,"column":8},"end":{"line":206,"column":65}},"31":{"start":{"line":208,"column":8},"end":{"line":208,"column":72}},"32":{"start":{"line":210,"column":8},"end":{"line":210,"column":5769}},"33":{"start":{"line":217,"column":8},"end":{"line":217,"column":5945}},"34":{"start":{"line":232,"column":8},"end":{"line":232,"column":65}},"35":{"start":{"line":234,"column":8},"end":{"line":234,"column":72}},"36":{"start":{"line":235,"column":8},"end":{"line":235,"column":76}},"37":{"start":{"line":237,"column":8},"end":{"line":237,"column":6504}},"38":{"start":{"line":244,"column":8},"end":{"line":244,"column":6680}},"39":{"start":{"line":259,"column":8},"end":{"line":259,"column":65}},"40":{"start":{"line":260,"column":8},"end":{"line":260,"column":55}},"41":{"start":{"line":262,"column":8},"end":{"line":262,"column":72}},"42":{"start":{"line":263,"column":8},"end":{"line":263,"column":7239}},"43":{"start":{"line":266,"column":8},"end":{"line":266,"column":70}},"44":{"start":{"line":270,"column":8},"end":{"line":270,"column":7431}},"45":{"start":{"line":287,"column":8},"end":{"line":287,"column":45}}},"branchMap":{"1":{"line":103,"type":"if","locations":[{"start":{"line":103,"column":8},"end":{"line":103,"column":8}},{"start":{"line":103,"column":8},"end":{"line":103,"column":8}}]},"2":{"line":104,"type":"if","locations":[{"start":{"line":104,"column":8},"end":{"line":104,"column":8}},{"start":{"line":104,"column":8},"end":{"line":104,"column":8}}]},"3":{"line":107,"type":"if","locations":[{"start":{"line":107,"column":8},"end":{"line":107,"column":8}},{"start":{"line":107,"column":8},"end":{"line":107,"column":8}}]},"4":{"line":152,"type":"if","locations":[{"start":{"line":152,"column":8},"end":{"line":152,"column":8}},{"start":{"line":152,"column":8},"end":{"line":152,"column":8}}]},"5":{"line":167,"type":"if","locations":[{"start":{"line":167,"column":8},"end":{"line":167,"column":8}},{"start":{"line":167,"column":8},"end":{"line":167,"column":8}}]},"6":{"line":170,"type":"if","locations":[{"start":{"line":170,"column":8},"end":{"line":170,"column":8}},{"start":{"line":170,"column":8},"end":{"line":170,"column":8}}]},"7":{"line":172,"type":"if","locations":[{"start":{"line":172,"column":8},"end":{"line":172,"column":8}},{"start":{"line":172,"column":8},"end":{"line":172,"column":8}}]},"8":{"line":183,"type":"if","locations":[{"start":{"line":183,"column":8},"end":{"line":183,"column":8}},{"start":{"line":183,"column":8},"end":{"line":183,"column":8}}]},"9":{"line":204,"type":"if","locations":[{"start":{"line":204,"column":8},"end":{"line":204,"column":8}},{"start":{"line":204,"column":8},"end":{"line":204,"column":8}}]},"10":{"line":208,"type":"if","locations":[{"start":{"line":208,"column":8},"end":{"line":208,"column":8}},{"start":{"line":208,"column":8},"end":{"line":208,"column":8}}]},"11":{"line":234,"type":"if","locations":[{"start":{"line":234,"column":8},"end":{"line":234,"column":8}},{"start":{"line":234,"column":8},"end":{"line":234,"column":8}}]},"12":{"line":235,"type":"if","locations":[{"start":{"line":235,"column":8},"end":{"line":235,"column":8}},{"start":{"line":235,"column":8},"end":{"line":235,"column":8}}]},"13":{"line":262,"type":"if","locations":[{"start":{"line":262,"column":8},"end":{"line":262,"column":8}},{"start":{"line":262,"column":8},"end":{"line":262,"column":8}}]},"14":{"line":263,"type":"if","locations":[{"start":{"line":263,"column":8},"end":{"line":263,"column":8}},{"start":{"line":263,"column":8},"end":{"line":263,"column":8}}]}}},"contracts/NoDelegateCall.sol":{"l":{"13":0,"19":0,"24":0,"25":0},"path":"/Users/valentineorga/Desktop/Projects/Web3/Playground/Contracts/nftswap/contracts/NoDelegateCall.sol","s":{"1":0,"2":0,"3":0},"b":{"1":[0,0]},"f":{"1":0,"2":0,"3":0},"fnMap":{"1":{"name":"constructor","line":10,"loc":{"start":{"line":10,"column":4},"end":{"line":14,"column":4}}},"2":{"name":"checkNotDelegateCall","line":18,"loc":{"start":{"line":18,"column":4},"end":{"line":20,"column":4}}},"3":{"name":"noDelegateCall","line":23,"loc":{"start":{"line":23,"column":4},"end":{"line":26,"column":4}}}},"statementMap":{"1":{"start":{"line":13,"column":8},"end":{"line":13,"column":31}},"2":{"start":{"line":19,"column":8},"end":{"line":19,"column":41}},"3":{"start":{"line":24,"column":8},"end":{"line":24,"column":29}}},"branchMap":{"1":{"line":19,"type":"if","locations":[{"start":{"line":19,"column":8},"end":{"line":19,"column":8}},{"start":{"line":19,"column":8},"end":{"line":19,"column":8}}]}}}}